<?xml version="1.0" encoding="UTF-8"?>
<!-- Generated by org.testng.reporters.JUnitXMLReporter -->
<testsuite ignored="0" hostname="DESKTOP-UDQRS1F" failures="0" tests="5" name="Test" time="0.275" errors="0" timestamp="2024-10-11T00:16:08 IST">
  <testcase classname="SoftwareTesting.AutomationProject.Test.TestComponents.BaseTest" name="@BeforeMethod LaunchApplication" time="0.007">
    <failure type="java.lang.NullPointerException" message="Cannot invoke &amp;quot;org.openqa.selenium.WebDriver.manage()&amp;quot; because &amp;quot;this.driver&amp;quot; is null">
      <![CDATA[java.lang.NullPointerException: Cannot invoke "org.openqa.selenium.WebDriver.manage()" because "this.driver" is null
at SoftwareTesting.AutomationProject.Test.TestComponents.BaseTest.initializeDriver(BaseTest.java:62)
at SoftwareTesting.AutomationProject.Test.TestComponents.BaseTest.LaunchApplication(BaseTest.java:90)
at java.base/java.util.ArrayList.forEach(ArrayList.java:1596)
... Removed 29 stack frames]]>
    </failure>
  </testcase> <!-- @BeforeMethod LaunchApplication -->
  <testcase classname="SoftwareTesting.AutomationProject.Test.TestComponents.BaseTest" name="@AfterMethod tearDow" time="0.0">
    <skipped/>
  </testcase> <!-- @AfterMethod tearDow -->
  <testcase classname="SoftwareTesting.AutomationProject.Test.TestComponents.BaseTest" name="@BeforeMethod LaunchApplication" time="0.0">
    <skipped/>
  </testcase> <!-- @BeforeMethod LaunchApplication -->
  <testcase classname="SoftwareTesting.AutomationProject.Test.TestComponents.BaseTest" name="@AfterMethod tearDow" time="0.0">
    <skipped/>
  </testcase> <!-- @AfterMethod tearDow -->
  <testcase classname="SoftwareTesting.AutomationProject.Test.TestComponents.BaseTest" name="@BeforeMethod LaunchApplication" time="0.002">
    <failure type="java.lang.NullPointerException" message="Cannot invoke &amp;quot;org.openqa.selenium.WebDriver.manage()&amp;quot; because &amp;quot;this.driver&amp;quot; is null">
      <![CDATA[java.lang.NullPointerException: Cannot invoke "org.openqa.selenium.WebDriver.manage()" because "this.driver" is null
at SoftwareTesting.AutomationProject.Test.TestComponents.BaseTest.initializeDriver(BaseTest.java:62)
at SoftwareTesting.AutomationProject.Test.TestComponents.BaseTest.LaunchApplication(BaseTest.java:90)
at java.base/java.util.ArrayList.forEach(ArrayList.java:1596)
... Removed 29 stack frames]]>
    </failure>
  </testcase> <!-- @BeforeMethod LaunchApplication -->
  <testcase classname="SoftwareTesting.AutomationProject.Test.TestComponents.BaseTest" name="@AfterMethod tearDow" time="0.0">
    <skipped/>
  </testcase> <!-- @AfterMethod tearDow -->
  <testcase classname="SoftwareTesting.AutomationProject.Test.TestComponents.BaseTest" name="@BeforeMethod LaunchApplication" time="0.0">
    <skipped/>
  </testcase> <!-- @BeforeMethod LaunchApplication -->
  <testcase classname="SoftwareTesting.AutomationProject.Test.TestComponents.BaseTest" name="@AfterMethod tearDow" time="0.0">
    <skipped/>
  </testcase> <!-- @AfterMethod tearDow -->
  <testcase classname="SoftwareTesting.AutomationProject.Test.StandaloneTest" name="submitOrder" time="0.0">
    <skipped/>
  </testcase> <!-- submitOrder -->
  <testcase classname="SoftwareTesting.AutomationProject.Test.StandaloneTest" name="submitOrder" time="0.0">
    <skipped/>
  </testcase> <!-- submitOrder -->
  <testcase classname="SoftwareTesting.AutomationProject.Test.StandaloneTest" name="OrderHistoryTest" time="0.0">
    <skipped/>
  </testcase> <!-- OrderHistoryTest -->
  <testcase classname="SoftwareTesting.AutomationProject.Test.ErrorValidations" name="ProductErrorValidation" time="0.0">
    <skipped/>
  </testcase> <!-- ProductErrorValidation -->
  <testcase classname="SoftwareTesting.AutomationProject.Test.ErrorValidations" name="submitOrder" time="0.0">
    <skipped/>
  </testcase> <!-- submitOrder -->
</testsuite> <!-- Test -->
